<?xml version="1.0" encoding="UTF-8"?>
<!-- Generated by org.testng.reporters.JUnitReportReporter -->
<testsuite skipped="0" hostname="vofking-Aspire-R7-372T" name="core.PrimeNumberCheckerTestOld" tests="10" failures="0" timestamp="2020-05-17T21:59:09 PDT" time="0.080" errors="0">
  <testcase name="test" time="0.004" classname="core.PrimeNumberCheckerTestOld"/>
  <system-out/>
  <testcase name="test" time="0.003" classname="core.PrimeNumberCheckerTestOld"/>
  <system-out/>
  <testcase name="test" time="0.022" classname="core.PrimeNumberCheckerTestOld"/>
  <system-out/>
  <testcase name="test" time="0.008" classname="core.PrimeNumberCheckerTestOld"/>
  <system-out/>
  <testcase name="test" time="0.006" classname="core.PrimeNumberCheckerTestOld"/>
  <system-out/>
  <testcase name="test" time="0.004" classname="core.PrimeNumberCheckerTestOld"/>
  <system-out/>
  <testcase name="test" time="0.006" classname="core.PrimeNumberCheckerTestOld"/>
  <system-out/>
  <testcase name="test" time="0.005" classname="core.PrimeNumberCheckerTestOld"/>
  <system-out/>
  <testcase name="test" time="0.004" classname="core.PrimeNumberCheckerTestOld"/>
  <system-out/>
  <testcase name="test" time="0.018" classname="core.PrimeNumberCheckerTestOld"/>
  <system-out/>
</testsuite> <!-- core.PrimeNumberCheckerTestOld -->
