<?xml version="1.0" encoding="UTF-8"?>
<!-- Generated by org.testng.reporters.JUnitReportReporter -->
<testsuite skipped="0" hostname="vofking-Aspire-R7-372T" name="core.PrimeNumberCheckerTest" tests="99" failures="0" timestamp="2020-05-18T04:30:36 PDT" time="0.102" errors="0">
  <testcase name="test" time="0.001" classname="core.PrimeNumberCheckerTest"/>
  <system-out/>
  <testcase name="test" time="0.007" classname="core.PrimeNumberCheckerTest"/>
  <system-out/>
  <testcase name="test" time="0.009" classname="core.PrimeNumberCheckerTest"/>
  <system-out/>
  <testcase name="test" time="0.000" classname="core.PrimeNumberCheckerTest"/>
  <system-out/>
  <testcase name="test" time="0.001" classname="core.PrimeNumberCheckerTest"/>
  <system-out/>
  <testcase name="test" time="0.001" classname="core.PrimeNumberCheckerTest"/>
  <system-out/>
  <testcase name="test" time="0.001" classname="core.PrimeNumberCheckerTest"/>
  <system-out/>
  <testcase name="test" time="0.002" classname="core.PrimeNumberCheckerTest"/>
  <system-out/>
  <testcase name="test" time="0.001" classname="core.PrimeNumberCheckerTest"/>
  <system-out/>
  <testcase name="test" time="0.001" classname="core.PrimeNumberCheckerTest"/>
  <system-out/>
  <testcase name="test" time="0.002" classname="core.PrimeNumberCheckerTest"/>
  <system-out/>
  <testcase name="test" time="0.001" classname="core.PrimeNumberCheckerTest"/>
  <system-out/>
  <testcase name="test" time="0.001" classname="core.PrimeNumberCheckerTest"/>
  <system-out/>
  <testcase name="test" time="0.000" classname="core.PrimeNumberCheckerTest"/>
  <system-out/>
  <testcase name="test" time="0.002" classname="core.PrimeNumberCheckerTest"/>
  <system-out/>
  <testcase name="test" time="0.000" classname="core.PrimeNumberCheckerTest"/>
  <system-out/>
  <testcase name="test" time="0.001" classname="core.PrimeNumberCheckerTest"/>
  <system-out/>
  <testcase name="test" time="0.000" classname="core.PrimeNumberCheckerTest"/>
  <system-out/>
  <testcase name="test" time="0.002" classname="core.PrimeNumberCheckerTest"/>
  <system-out/>
  <testcase name="test" time="0.000" classname="core.PrimeNumberCheckerTest"/>
  <system-out/>
  <testcase name="test" time="0.001" classname="core.PrimeNumberCheckerTest"/>
  <system-out/>
  <testcase name="test" time="0.001" classname="core.PrimeNumberCheckerTest"/>
  <system-out/>
  <testcase name="test" time="0.002" classname="core.PrimeNumberCheckerTest"/>
  <system-out/>
  <testcase name="test" time="0.000" classname="core.PrimeNumberCheckerTest"/>
  <system-out/>
  <testcase name="test" time="0.000" classname="core.PrimeNumberCheckerTest"/>
  <system-out/>
  <testcase name="test" time="0.000" classname="core.PrimeNumberCheckerTest"/>
  <system-out/>
  <testcase name="test" time="0.001" classname="core.PrimeNumberCheckerTest"/>
  <system-out/>
  <testcase name="test" time="0.002" classname="core.PrimeNumberCheckerTest"/>
  <system-out/>
  <testcase name="test" time="0.000" classname="core.PrimeNumberCheckerTest"/>
  <system-out/>
  <testcase name="test" time="0.001" classname="core.PrimeNumberCheckerTest"/>
  <system-out/>
  <testcase name="test" time="0.000" classname="core.PrimeNumberCheckerTest"/>
  <system-out/>
  <testcase name="test" time="0.002" classname="core.PrimeNumberCheckerTest"/>
  <system-out/>
  <testcase name="test" time="0.000" classname="core.PrimeNumberCheckerTest"/>
  <system-out/>
  <testcase name="test" time="0.001" classname="core.PrimeNumberCheckerTest"/>
  <system-out/>
  <testcase name="test" time="0.002" classname="core.PrimeNumberCheckerTest"/>
  <system-out/>
  <testcase name="test" time="0.000" classname="core.PrimeNumberCheckerTest"/>
  <system-out/>
  <testcase name="test" time="0.000" classname="core.PrimeNumberCheckerTest"/>
  <system-out/>
  <testcase name="test" time="0.000" classname="core.PrimeNumberCheckerTest"/>
  <system-out/>
  <testcase name="test" time="0.001" classname="core.PrimeNumberCheckerTest"/>
  <system-out/>
  <testcase name="test" time="0.002" classname="core.PrimeNumberCheckerTest"/>
  <system-out/>
  <testcase name="test" time="0.002" classname="core.PrimeNumberCheckerTest"/>
  <system-out/>
  <testcase name="test" time="0.001" classname="core.PrimeNumberCheckerTest"/>
  <system-out/>
  <testcase name="test" time="0.001" classname="core.PrimeNumberCheckerTest"/>
  <system-out/>
  <testcase name="test" time="0.001" classname="core.PrimeNumberCheckerTest"/>
  <system-out/>
  <testcase name="test" time="0.001" classname="core.PrimeNumberCheckerTest"/>
  <system-out/>
  <testcase name="test" time="0.002" classname="core.PrimeNumberCheckerTest"/>
  <system-out/>
  <testcase name="test" time="0.001" classname="core.PrimeNumberCheckerTest"/>
  <system-out/>
  <testcase name="test" time="0.001" classname="core.PrimeNumberCheckerTest"/>
  <system-out/>
  <testcase name="test" time="0.000" classname="core.PrimeNumberCheckerTest"/>
  <system-out/>
  <testcase name="test" time="0.000" classname="core.PrimeNumberCheckerTest"/>
  <system-out/>
  <testcase name="test" time="0.001" classname="core.PrimeNumberCheckerTest"/>
  <system-out/>
  <testcase name="test" time="0.002" classname="core.PrimeNumberCheckerTest"/>
  <system-out/>
  <testcase name="test" time="0.000" classname="core.PrimeNumberCheckerTest"/>
  <system-out/>
  <testcase name="test" time="0.000" classname="core.PrimeNumberCheckerTest"/>
  <system-out/>
  <testcase name="test" time="0.000" classname="core.PrimeNumberCheckerTest"/>
  <system-out/>
  <testcase name="test" time="0.002" classname="core.PrimeNumberCheckerTest"/>
  <system-out/>
  <testcase name="test" time="0.000" classname="core.PrimeNumberCheckerTest"/>
  <system-out/>
  <testcase name="test" time="0.002" classname="core.PrimeNumberCheckerTest"/>
  <system-out/>
  <testcase name="test" time="0.006" classname="core.PrimeNumberCheckerTest"/>
  <system-out/>
  <testcase name="test" time="0.001" classname="core.PrimeNumberCheckerTest"/>
  <system-out/>
  <testcase name="test" time="0.000" classname="core.PrimeNumberCheckerTest"/>
  <system-out/>
  <testcase name="test" time="0.002" classname="core.PrimeNumberCheckerTest"/>
  <system-out/>
  <testcase name="test" time="0.002" classname="core.PrimeNumberCheckerTest"/>
  <system-out/>
  <testcase name="test" time="0.001" classname="core.PrimeNumberCheckerTest"/>
  <system-out/>
  <testcase name="test" time="0.001" classname="core.PrimeNumberCheckerTest"/>
  <system-out/>
  <testcase name="test" time="0.001" classname="core.PrimeNumberCheckerTest"/>
  <system-out/>
  <testcase name="test" time="0.001" classname="core.PrimeNumberCheckerTest"/>
  <system-out/>
  <testcase name="test" time="0.002" classname="core.PrimeNumberCheckerTest"/>
  <system-out/>
  <testcase name="test" time="0.001" classname="core.PrimeNumberCheckerTest"/>
  <system-out/>
  <testcase name="test" time="0.001" classname="core.PrimeNumberCheckerTest"/>
  <system-out/>
  <testcase name="test" time="0.000" classname="core.PrimeNumberCheckerTest"/>
  <system-out/>
  <testcase name="test" time="0.000" classname="core.PrimeNumberCheckerTest"/>
  <system-out/>
  <testcase name="test" time="0.000" classname="core.PrimeNumberCheckerTest"/>
  <system-out/>
  <testcase name="test" time="0.001" classname="core.PrimeNumberCheckerTest"/>
  <system-out/>
  <testcase name="test" time="0.000" classname="core.PrimeNumberCheckerTest"/>
  <system-out/>
  <testcase name="test" time="0.001" classname="core.PrimeNumberCheckerTest"/>
  <system-out/>
  <testcase name="test" time="0.001" classname="core.PrimeNumberCheckerTest"/>
  <system-out/>
  <testcase name="test" time="0.000" classname="core.PrimeNumberCheckerTest"/>
  <system-out/>
  <testcase name="test" time="0.001" classname="core.PrimeNumberCheckerTest"/>
  <system-out/>
  <testcase name="test" time="0.001" classname="core.PrimeNumberCheckerTest"/>
  <system-out/>
  <testcase name="test" time="0.002" classname="core.PrimeNumberCheckerTest"/>
  <system-out/>
  <testcase name="test" time="0.001" classname="core.PrimeNumberCheckerTest"/>
  <system-out/>
  <testcase name="test" time="0.000" classname="core.PrimeNumberCheckerTest"/>
  <system-out/>
  <testcase name="test" time="0.000" classname="core.PrimeNumberCheckerTest"/>
  <system-out/>
  <testcase name="test" time="0.000" classname="core.PrimeNumberCheckerTest"/>
  <system-out/>
  <testcase name="test" time="0.000" classname="core.PrimeNumberCheckerTest"/>
  <system-out/>
  <testcase name="test" time="0.001" classname="core.PrimeNumberCheckerTest"/>
  <system-out/>
  <testcase name="test" time="0.000" classname="core.PrimeNumberCheckerTest"/>
  <system-out/>
  <testcase name="test" time="0.000" classname="core.PrimeNumberCheckerTest"/>
  <system-out/>
  <testcase name="test" time="0.001" classname="core.PrimeNumberCheckerTest"/>
  <system-out/>
  <testcase name="test" time="0.001" classname="core.PrimeNumberCheckerTest"/>
  <system-out/>
  <testcase name="test" time="0.001" classname="core.PrimeNumberCheckerTest"/>
  <system-out/>
  <testcase name="test" time="0.001" classname="core.PrimeNumberCheckerTest"/>
  <system-out/>
  <testcase name="test" time="0.000" classname="core.PrimeNumberCheckerTest"/>
  <system-out/>
  <testcase name="test" time="0.000" classname="core.PrimeNumberCheckerTest"/>
  <system-out/>
  <testcase name="test" time="0.000" classname="core.PrimeNumberCheckerTest"/>
  <system-out/>
  <testcase name="test" time="0.001" classname="core.PrimeNumberCheckerTest"/>
  <system-out/>
  <testcase name="test" time="0.002" classname="core.PrimeNumberCheckerTest"/>
  <system-out/>
  <testcase name="test" time="0.001" classname="core.PrimeNumberCheckerTest"/>
  <system-out/>
</testsuite> <!-- core.PrimeNumberCheckerTest -->
